1000	0	24.37
2000	0	24.37
3000	0	24.37
4000	0	24.37
5000	0	24.37
6000	0	24.37
7000	0	24.37
8000	0	24.37
9000	0	24.44
10000	0	24.37
11000	0	24.37
12000	0	24.44
13000	0	24.44
14000	0	24.37
15000	0	24.37
16000	0	24.37
17000	0	24.37
18000	0	24.44
19000	0	24.44
20000	0	24.44
21000	0	24.44
22000	0	24.37
23000	0	24.44
24000	0	24.44
25000	0	24.37
26000	0	24.50
27000	0	24.44
28000	0	24.44
29000	0	24.44
30000	50	24.44
31000	50	24.44
32000	50	24.44
33000	50	24.44
34000	50	24.44
35000	50	24.37
36000	50	24.37
37000	50	24.44
38000	50	24.44
39000	50	24.44
40000	50	24.44
41000	50	24.44
42000	50	24.44
43000	50	24.44
44000	50	24.44
45000	50	24.44
46000	50	24.44
47000	50	24.50
48000	50	24.50
49000	50	24.50
50000	50	24.50
51000	50	24.50
52000	50	24.56
53000	50	24.50
54000	50	24.56
55000	50	24.56
56000	50	24.50
57000	50	24.56
58000	50	24.56
59000	50	24.56
60000	50	24.56
61000	50	24.62
62000	50	24.62
63000	50	24.62
64000	50	24.62
65000	50	24.62
66000	50	24.62
67000	50	24.69
68000	50	24.69
69000	50	24.75
70000	50	24.69
71000	50	24.75
72000	50	24.75
73000	50	24.75
74000	50	24.75
75000	50	24.75
76000	50	24.81
77000	50	24.81
78000	50	24.81
79000	50	24.87
80000	50	24.87
81000	50	24.87
82000	50	24.94
83000	50	24.94
84000	50	24.94
85000	50	24.94
86000	50	24.94
87000	50	24.94
88000	50	25.00
89000	50	25.00
90000	50	25.00
91000	50	25.00
92000	50	25.06
93000	50	25.06
94000	50	25.12
95000	50	25.06
96000	50	25.12
97000	50	25.12
98000	50	25.12
99000	50	25.19
100000	50	25.19
101000	50	25.19
102000	50	25.25
103000	50	25.25
104000	50	25.19
105000	50	25.25
106000	50	25.25
107000	50	25.31
108000	50	25.37
109000	50	25.37
110000	50	25.37
111000	50	25.37
112000	50	25.44
113000	50	25.44
114000	50	25.44
115000	50	25.50
116000	50	25.56
117000	50	25.56
118000	50	25.50
119000	50	25.56
120000	50	25.56
121000	50	25.62
122000	50	25.62
123000	50	25.69
124000	50	25.69
125000	50	25.69
126000	50	25.69
127000	50	25.75
128000	50	25.75
129000	50	25.75
130000	50	25.81
131000	50	25.81
132000	50	25.81
133000	50	25.81
134000	50	25.87
135000	50	25.87
136000	50	25.87
137000	50	25.94
138000	50	25.94
139000	50	25.94
140000	50	26.00
141000	50	26.00
142000	50	26.06
143000	50	26.00
144000	50	26.06
145000	50	26.12
146000	50	26.12
147000	50	26.12
148000	50	26.19
149000	50	26.12
150000	50	26.19
151000	50	26.19
152000	50	26.25
153000	50	26.25
154000	50	26.31
155000	50	26.31
156000	50	26.31
157000	50	26.37
158000	50	26.37
159000	50	26.37
160000	50	26.44
161000	50	26.50
162000	50	26.50
163000	50	26.50
164000	50	26.50
165000	50	26.56
166000	50	26.62
167000	50	26.62
168000	50	26.62
169000	50	26.62
170000	50	26.69
171000	50	26.69
172000	50	26.75
173000	50	26.75
174000	50	26.75
175000	50	26.81
176000	50	26.81
177000	50	26.87
178000	50	26.87
179000	50	26.87
180000	50	26.87
181000	50	26.94
182000	50	26.94
183000	50	27.00
184000	50	26.94
185000	50	27.00
186000	50	27.00
187000	50	27.06
188000	50	27.06
189000	50	27.06
190000	50	27.06
191000	50	27.19
192000	50	27.12
193000	50	27.19
194000	50	27.19
195000	50	27.19
196000	50	27.25
197000	50	27.25
198000	50	27.31
199000	50	27.31
200000	50	27.37
201000	50	27.31
202000	50	27.37
203000	50	27.37
204000	50	27.37
205000	50	27.44
206000	50	27.50
207000	50	27.50
208000	50	27.50
209000	50	27.56
210000	50	27.56
211000	50	27.56
212000	50	27.62
213000	50	27.62
214000	50	27.62
215000	50	27.69
216000	50	27.69
217000	50	27.69
218000	50	27.75
219000	50	27.75
220000	50	27.75
221000	50	27.81
222000	50	27.81
223000	50	27.81
224000	50	27.81
225000	50	27.81
226000	50	27.87
227000	50	27.87
228000	50	27.87
229000	50	27.94
230000	50	27.94
231000	50	27.94
232000	50	28.00
233000	50	28.00
234000	50	28.06
235000	50	28.06
236000	50	28.06
237000	50	28.12
238000	50	28.12
239000	50	28.12
240000	50	28.12
241000	50	28.12
242000	50	28.19
243000	50	28.19
244000	50	28.25
245000	50	28.25
246000	50	28.25
247000	50	28.31
248000	50	28.31
249000	50	28.31
250000	50	28.37
251000	50	28.44
252000	50	28.37
253000	50	28.44
254000	50	28.44
255000	50	28.44
256000	50	28.50
257000	50	28.50
258000	50	28.56
259000	50	28.56
260000	50	28.62
261000	50	28.62
262000	50	28.62
263000	50	28.62
264000	50	28.62
265000	50	28.62
266000	50	28.69
267000	50	28.62
268000	50	28.69
269000	50	28.69
270000	50	28.69
271000	50	28.75
272000	50	28.75
273000	50	28.75
274000	50	28.81
275000	50	28.87
276000	50	28.81
277000	50	28.87
278000	50	28.87
279000	50	28.94
280000	50	28.94
281000	50	28.94
282000	50	28.94
283000	50	29.00
284000	50	29.00
285000	50	29.00
286000	50	29.00
287000	50	29.06
288000	50	29.06
289000	50	29.12
290000	50	29.12
291000	50	29.12
292000	50	29.19
293000	50	29.19
294000	50	29.19
295000	50	29.19
296000	50	29.19
297000	50	29.25
298000	50	29.25
299000	50	29.25
300000	50	29.31
301000	50	29.31
302000	50	29.31
303000	50	29.37
304000	50	29.37
305000	50	29.44
306000	50	29.44
307000	50	29.44
308000	50	29.44
309000	50	29.50
310000	50	29.50
311000	50	29.50
312000	50	29.50
313000	50	29.56
314000	50	29.56
315000	50	29.56
316000	50	29.62
317000	50	29.62
318000	50	29.62
319000	50	29.69
320000	50	29.69
321000	50	29.69
322000	50	29.75
323000	50	29.69
324000	50	29.75
325000	50	29.75
326000	50	29.75
327000	50	29.81
328000	50	29.81
329000	50	29.87
330000	50	29.87
331000	50	29.87
332000	50	29.87
333000	50	29.87
334000	50	29.94
335000	50	29.94
336000	50	29.94
337000	50	29.94
338000	50	30.00
339000	50	30.00
340000	50	30.00
341000	50	30.06
342000	50	30.06
343000	50	30.06
344000	50	30.12
345000	50	30.12
346000	50	30.19
347000	50	30.19
348000	50	30.19
349000	50	30.19
350000	50	30.19
351000	50	30.19
352000	50	30.25
353000	50	30.25
354000	50	30.25
355000	50	30.25
356000	50	30.25
357000	50	30.31
358000	50	30.31
359000	50	30.31
360000	50	30.31
361000	50	30.31
362000	50	30.31
363000	50	30.31
364000	50	30.31
365000	50	30.37
366000	50	30.44
367000	50	30.44
368000	50	30.50
369000	50	30.44
370000	50	30.50
371000	50	30.50
372000	50	30.50
373000	50	30.50
374000	50	30.56
375000	50	30.56
376000	50	30.56
377000	50	30.56
378000	50	30.56
379000	50	30.56
380000	50	30.62
381000	50	30.62
382000	50	30.62
383000	50	30.69
384000	50	30.69
385000	50	30.69
386000	50	30.69
387000	50	30.75
388000	50	30.75
389000	50	30.75
390000	50	30.75
391000	50	30.75
392000	50	30.75
393000	50	30.81
394000	50	30.81
395000	50	30.81
396000	50	30.81
397000	50	30.87
398000	50	30.87
399000	50	30.87
400000	50	30.87
401000	50	30.87
402000	50	30.87
403000	50	30.94
404000	50	30.94
405000	50	31.00
406000	50	31.00
407000	50	31.00
408000	50	31.00
409000	50	31.00
410000	50	31.06
411000	50	31.06
412000	50	31.06
413000	50	31.06
414000	50	31.06
415000	50	31.06
416000	50	31.12
417000	50	31.12
418000	50	31.12
419000	50	31.19
420000	50	31.12
421000	50	31.19
422000	50	31.19
423000	50	31.19
424000	50	31.25
425000	50	31.31
426000	50	31.31
427000	50	31.25
428000	50	31.31
429000	50	31.37
430000	50	31.31
431000	50	31.37
432000	50	31.37
433000	50	31.37
434000	50	31.37
435000	50	31.44
436000	50	31.44
437000	50	31.44
438000	50	31.50
439000	50	31.50
440000	50	31.50
441000	50	31.56
442000	50	31.56
443000	50	31.56
444000	50	31.56
445000	50	31.62
446000	50	31.62
447000	50	31.62
448000	50	31.69
449000	50	31.62
450000	50	31.69
451000	50	31.69
452000	50	31.69
453000	50	31.75
454000	50	31.69
455000	50	31.75
456000	50	31.69
457000	50	31.75
458000	50	31.75
459000	50	31.75
460000	50	31.81
461000	50	31.81
462000	50	31.81
463000	50	31.81
464000	50	31.81
465000	50	31.81
466000	50	31.87
467000	50	31.87
468000	50	31.87
469000	50	31.94
470000	50	31.94
471000	50	31.94
472000	50	31.94
473000	50	32.00
474000	50	32.00
475000	50	32.00
476000	50	32.06
477000	50	32.00
478000	50	32.06
479000	50	32.00
480000	50	32.06
481000	50	32.06
482000	50	32.13
483000	50	32.06
484000	50	32.13
485000	50	32.13
486000	50	32.13
487000	50	32.13
488000	50	32.19
489000	50	32.19
490000	50	32.19
491000	50	32.19
492000	50	32.25
493000	50	32.25
494000	50	32.25
495000	50	32.25
496000	50	32.31
497000	50	32.31
498000	50	32.31
499000	50	32.38
500000	50	32.38
501000	50	32.38
502000	50	32.38
503000	50	32.38
504000	50	32.38
505000	50	32.38
506000	50	32.44
507000	50	32.44
508000	50	32.44
509000	50	32.50
510000	50	32.50
511000	50	32.50
512000	50	32.50
513000	50	32.50
514000	50	32.56
515000	50	32.56
516000	50	32.56
517000	50	32.56
518000	50	32.63
519000	50	32.63
520000	50	32.63
521000	50	32.63
522000	50	32.63
523000	50	32.69
524000	50	32.69
525000	50	32.63
526000	50	32.69
527000	50	32.75
528000	50	32.69
529000	50	32.75
530000	50	32.75
531000	50	32.69
532000	50	32.75
533000	50	32.75
534000	50	32.75
535000	50	32.75
536000	50	32.81
537000	50	32.81
538000	50	32.81
539000	50	32.88
540000	50	32.81
541000	50	32.88
542000	50	32.88
543000	50	32.88
544000	50	32.88
545000	50	32.88
546000	50	32.88
547000	50	32.94
548000	50	32.94
549000	50	32.94
550000	50	32.88
551000	50	32.94
552000	50	32.88
553000	50	32.94
554000	50	33.00
555000	50	33.00
556000	50	33.00
557000	50	33.00
558000	50	33.00
559000	50	33.00
560000	50	33.00
561000	50	33.00
562000	50	33.00
563000	50	33.00
564000	50	33.06
565000	50	33.06
566000	50	33.06
567000	50	33.00
568000	50	33.06
569000	50	33.06
570000	50	33.13
571000	50	33.06
572000	50	33.13
573000	50	33.13
574000	50	33.13
575000	50	33.13
576000	50	33.13
577000	50	33.13
578000	50	33.13
579000	50	33.13
580000	50	33.13
581000	50	33.13
582000	50	33.19
583000	50	33.19
584000	50	33.19
585000	50	33.25
586000	50	33.19
587000	50	33.19
588000	50	33.19
589000	50	33.25
590000	50	33.25
591000	50	33.25
592000	50	33.25
593000	50	33.25
594000	50	33.25
595000	50	33.25
596000	50	33.25
597000	50	33.25
598000	50	33.25
599000	50	33.31
600000	50	33.31
601000	50	33.31
602000	50	33.31
603000	50	33.38
604000	50	33.31
605000	50	33.31
606000	50	33.38
607000	50	33.38
608000	50	33.38
609000	50	33.38
610000	50	33.38
611000	50	33.38
612000	50	33.38
613000	50	33.38
614000	50	33.38
615000	50	33.38
616000	50	33.44
617000	50	33.38
618000	50	33.44
619000	50	33.44
620000	50	33.44
621000	50	33.44
622000	50	33.44
623000	50	33.44
624000	50	33.44
625000	50	33.44
626000	50	33.44
627000	50	33.44
628000	50	33.50
629000	50	33.50
630000	50	33.50
631000	50	33.50
632000	50	33.50
633000	50	33.50
634000	50	33.50
635000	50	33.50
636000	50	33.50
637000	50	33.56
638000	50	33.56
639000	50	33.56
640000	50	33.56
641000	50	33.50
642000	50	33.56
643000	50	33.63
644000	50	33.56
645000	50	33.56
646000	50	33.63
647000	50	33.63
648000	50	33.63
649000	50	33.63
650000	50	33.63
651000	50	33.63
652000	50	33.63
653000	50	33.69
654000	50	33.63
655000	50	33.63
656000	50	33.69
657000	50	33.69
658000	50	33.63
659000	50	33.69
660000	50	33.63
661000	50	33.63
662000	50	33.69
663000	50	33.69
664000	50	33.69
665000	50	33.69
666000	50	33.63
667000	50	33.63
668000	50	33.69
669000	50	33.69
670000	50	33.69
671000	50	33.69
672000	50	33.69
673000	50	33.69
674000	50	33.69
675000	50	33.75
676000	50	33.69
677000	50	33.69
678000	50	33.69
679000	50	33.75
680000	50	33.69
681000	50	33.69
682000	50	33.75
683000	50	33.75
684000	50	33.75
685000	50	33.75
686000	50	33.75
687000	50	33.75
688000	50	33.75
689000	50	33.75
690000	50	33.75
691000	50	33.75
692000	50	33.75
693000	50	33.81
694000	50	33.75
695000	50	33.81
696000	50	33.81
697000	50	33.81
698000	50	33.81
699000	50	33.81
700000	50	33.75
701000	50	33.81
702000	50	33.81
703000	50	33.81
704000	50	33.81
705000	50	33.81
706000	50	33.81
707000	50	33.81
708000	50	33.81
709000	50	33.81
710000	50	33.81
711000	50	33.81
712000	50	33.81
713000	50	33.88
714000	50	33.81
715000	50	33.88
716000	50	33.88
717000	50	33.81
718000	50	33.81
719000	50	33.88
720000	50	33.88
721000	50	33.88
722000	50	33.88
723000	50	33.88
724000	50	33.94
725000	50	33.88
726000	50	33.94
727000	50	33.94
728000	50	33.94
729000	50	34.00
730000	50	33.94
731000	50	34.00
732000	50	34.00
733000	50	33.94
734000	50	34.00
735000	50	34.00
736000	50	34.00
737000	50	33.94
738000	50	33.94
739000	50	33.94
740000	50	33.94
741000	50	33.94
742000	50	33.94
743000	50	34.00
744000	50	34.00
745000	50	33.94
746000	50	34.00
747000	50	34.00
748000	50	34.00
749000	50	34.00
750000	50	34.00
751000	50	34.00
752000	50	34.00
753000	50	34.06
754000	50	34.06
755000	50	34.06
756000	50	34.00
757000	50	34.06
758000	50	34.06
759000	50	34.06
760000	50	34.06
761000	50	34.13
762000	50	34.06
763000	50	34.06
764000	50	34.06
765000	50	34.13
766000	50	34.13
767000	50	34.13
768000	50	34.13
769000	50	34.13
770000	50	34.13
771000	50	34.13
772000	50	34.19
773000	50	34.13
774000	50	34.13
775000	50	34.19
776000	50	34.19
777000	50	34.19
778000	50	34.19
779000	50	34.19
780000	50	34.19
781000	50	34.19
782000	50	34.19
783000	50	34.19
784000	50	34.19
785000	50	34.19
786000	50	34.13
787000	50	34.13
788000	50	34.13
789000	50	34.19
790000	50	34.13
791000	50	34.19
792000	50	34.19
793000	50	34.19
794000	50	34.19
795000	50	34.19
796000	50	34.19
797000	50	34.19
798000	50	34.19
799000	50	34.19
800000	50	34.13
801000	50	34.19
802000	50	34.19
803000	50	34.13
804000	50	34.19
805000	50	34.19
806000	50	34.19
807000	50	34.19
808000	50	34.19
809000	50	34.25
810000	50	34.19
811000	50	34.19
812000	50	34.25
813000	50	34.25
814000	50	34.25
815000	50	34.25
816000	50	34.25
817000	50	34.31
818000	50	34.25
819000	50	34.25
820000	50	34.25
821000	50	34.25
822000	50	34.25
823000	50	34.25
824000	50	34.19
825000	50	34.19
826000	50	34.25
827000	50	34.25
828000	50	34.25
829000	50	34.25
830000	50	34.31
831000	50	34.25
832000	50	34.31
833000	50	34.31
834000	50	34.31
835000	50	34.38
836000	50	34.38
837000	50	34.38
838000	50	34.38
839000	50	34.38
840000	50	34.38
841000	50	34.38
842000	50	34.44
843000	50	34.44
844000	50	34.44
845000	50	34.50
846000	50	34.50
847000	50	34.50
848000	50	34.50
849000	50	34.50
850000	50	34.56
851000	50	34.56
852000	50	34.56
853000	50	34.56
854000	50	34.56
855000	50	34.56
856000	50	34.63
857000	50	34.56
858000	50	34.63
859000	50	34.63
860000	50	34.56
861000	50	34.63
862000	50	34.56
863000	50	34.63
864000	50	34.63
865000	50	34.63
866000	50	34.63
867000	50	34.63
868000	50	34.63
869000	50	34.63
870000	50	34.69
871000	50	34.69
872000	50	34.69
873000	50	34.63
874000	50	34.69
875000	50	34.63
876000	50	34.69
877000	50	34.69
878000	50	34.69
879000	50	34.69
880000	50	34.69
881000	50	34.69
882000	50	34.69
883000	50	34.75
884000	50	34.75
885000	50	34.75
886000	50	34.75
887000	50	34.75
888000	50	34.75
889000	50	34.75
890000	50	34.81
891000	50	34.81
892000	50	34.75
893000	50	34.81
894000	50	34.81
895000	50	34.81
896000	50	34.88
897000	50	34.81
898000	50	34.81
899000	50	34.88
900000	50	34.88
901000	50	34.88
902000	50	34.88
903000	50	34.88
904000	50	34.88
905000	50	34.88
906000	50	34.88
907000	50	34.88
908000	50	34.94
909000	50	34.94
910000	50	34.94
911000	50	34.94
912000	50	34.94
913000	50	34.94
914000	50	35.00
915000	50	34.94
916000	50	35.00
917000	50	34.94
918000	50	35.00
919000	50	35.00
920000	50	34.94
921000	50	34.94
922000	50	34.94
923000	50	34.94
924000	50	34.94
925000	50	34.94
926000	50	34.94
927000	50	34.94
928000	50	34.94
929000	50	34.94
930000	50	34.88
931000	50	34.94
932000	50	34.94
933000	50	34.94
934000	50	34.88
935000	50	34.94
936000	50	34.94
937000	50	34.94
938000	50	34.94
939000	50	34.94
940000	50	35.00
941000	50	34.94
942000	50	34.94
943000	50	34.94
944000	50	34.94
945000	50	34.94
946000	50	34.94
947000	50	34.94
948000	50	34.94
949000	50	34.94
950000	50	34.94
951000	50	35.00
952000	50	35.00
953000	50	34.94
954000	50	35.00
955000	50	35.00
956000	50	35.00
957000	50	35.00
958000	50	35.06
959000	50	35.00
960000	50	35.00
961000	50	35.00
962000	50	35.00
963000	50	35.00
964000	50	35.00
965000	50	35.00
966000	50	35.06
967000	50	35.06
968000	50	35.00
969000	50	35.00
970000	50	35.00
971000	50	35.00
972000	50	35.06
973000	50	35.00
974000	50	35.00
975000	50	35.00
976000	50	35.00
977000	50	35.06
978000	50	35.06
979000	50	35.06
980000	50	35.06
981000	50	35.06
982000	50	35.06
983000	50	35.13
984000	50	35.13
985000	50	35.13
986000	50	35.13
987000	50	35.13
988000	50	35.13
989000	50	35.19
990000	50	35.13
991000	50	35.13
992000	50	35.19
993000	50	35.19
994000	50	35.19
995000	50	35.19
996000	50	35.19
997000	50	35.19
998000	50	35.25
999000	50	35.25
1000000	50	35.25
1001000	50	35.25
1002000	50	35.25
1003000	50	35.25
1004000	50	35.25
1005000	50	35.25
1006000	50	35.25
1007000	50	35.25
1008000	50	35.25
1009000	50	35.31
1010000	50	35.31
1011000	50	35.25
1012000	50	35.31
1013000	50	35.31
1014000	50	35.31
1015000	50	35.31
1016000	50	35.31
1017000	50	35.31
1018000	50	35.31
1019000	50	35.31
1020000	50	35.31
1021000	50	35.31
1022000	50	35.38
1023000	50	35.38
1024000	50	35.38
1025000	50	35.38
1026000	50	35.38
1027000	50	35.44
1028000	50	35.44
1029000	50	35.44
1030000	50	35.44
1031000	50	35.44
1032000	50	35.44
1033000	50	35.44
1034000	50	35.44
1035000	50	35.44
1036000	50	35.44
1037000	50	35.44
1038000	50	35.44
1039000	50	35.44
1040000	50	35.44
1041000	50	35.44
1042000	50	35.44
1043000	50	35.44
1044000	50	35.44
1045000	50	35.44
1046000	50	35.44
1047000	50	35.44
1048000	50	35.44
1049000	50	35.44
1050000	50	35.50
1051000	50	35.44
1052000	50	35.44
1053000	50	35.50
1054000	50	35.44
1055000	50	35.50
1056000	50	35.50
1057000	50	35.50
1058000	50	35.50
1059000	50	35.50
1060000	50	35.50
1061000	50	35.50
1062000	50	35.56
1063000	50	35.50
1064000	50	35.56
1065000	50	35.50
1066000	50	35.50
1067000	50	35.50
1068000	50	35.50
1069000	50	35.50
1070000	50	35.50
1071000	50	35.50
1072000	50	35.50
1073000	50	35.50
1074000	50	35.50
1075000	50	35.50
1076000	50	35.50
1077000	50	35.50
1078000	50	35.56
1079000	50	35.50
1080000	50	35.56
1081000	50	35.56
1082000	50	35.56
1083000	50	35.56
1084000	50	35.50
1085000	50	35.50
1086000	50	35.50
1087000	50	35.50
1088000	50	35.50
1089000	50	35.50
1090000	50	35.50
1091000	50	35.50
1092000	50	35.50
1093000	50	35.50
1094000	50	35.50
1095000	50	35.50
1096000	50	35.50
1097000	50	35.50
1098000	50	35.50
1099000	50	35.50
1100000	50	35.56
1101000	50	35.56
1102000	50	35.56
1103000	50	35.56
1104000	50	35.56
1105000	50	35.56
1106000	50	35.50
1107000	50	35.56
1108000	50	35.56
1109000	50	35.56
1110000	50	35.56
1111000	50	35.56
1112000	50	35.63
1113000	50	35.56
1114000	50	35.63
1115000	50	35.63
1116000	50	35.63
1117000	50	35.63
1118000	50	35.56
1119000	50	35.63
1120000	50	35.63
1121000	50	35.63
1122000	50	35.69
1123000	50	35.63
1124000	50	35.63
1125000	50	35.63
1126000	50	35.69
1127000	50	35.63
1128000	50	35.69
1129000	50	35.69
1130000	50	35.69
1131000	50	35.69
1132000	50	35.69
1133000	50	35.69
1134000	50	35.69
1135000	50	35.69
1136000	50	35.69
1137000	50	35.69
1138000	50	35.69
1139000	50	35.69
1140000	50	35.69
1141000	50	35.69
1142000	50	35.69
1143000	50	35.63
1144000	50	35.69
1145000	50	35.63
1146000	50	35.69
1147000	50	35.69
1148000	50	35.63
1149000	50	35.63
1150000	50	35.63
1151000	50	35.63
1152000	50	35.63
1153000	50	35.69
1154000	50	35.63
1155000	50	35.69
1156000	50	35.69
1157000	50	35.69
1158000	50	35.69
1159000	50	35.69
1160000	50	35.69
1161000	50	35.75
1162000	50	35.69
1163000	50	35.69
1164000	50	35.75
1165000	50	35.69
1166000	50	35.75
1167000	50	35.75
1168000	50	35.75
1169000	50	35.75
1170000	50	35.81
1171000	50	35.75
1172000	50	35.75
1173000	50	35.75
1174000	50	35.75
1175000	50	35.75
1176000	50	35.75
1177000	50	35.81
1178000	50	35.75
1179000	50	35.81
1180000	50	35.75
1181000	50	35.81
1182000	50	35.81
1183000	50	35.81
1184000	50	35.81
1185000	50	35.81
1186000	50	35.81
1187000	50	35.81
1188000	50	35.81
1189000	50	35.88
1190000	50	35.88
1191000	50	35.88
1192000	50	35.88
1193000	50	35.94
1194000	50	35.88
1195000	50	35.88
1196000	50	35.88
1197000	50	35.81
1198000	50	35.81
1199000	50	35.88
1200000	50	35.88
1201000	50	35.81
1202000	50	35.88
1203000	50	35.81
1204000	50	35.81
1205000	50	35.81
1206000	50	35.88
1207000	50	35.81
1208000	50	35.81
1209000	50	35.81
1210000	50	35.81
1211000	50	35.81
1212000	50	35.81
1213000	50	35.88
1214000	50	35.81
1215000	50	35.81
1216000	50	35.81
1217000	50	35.88
1218000	50	35.81
1219000	50	35.81
1220000	50	35.81
1221000	50	35.81
1222000	50	35.81
1223000	50	35.81
1224000	50	35.81
1225000	50	35.81
1226000	50	35.81
1227000	50	35.81
1228000	50	35.88
1229000	50	35.81
1230000	50	35.81
1231000	50	35.81
1232000	50	35.88
1233000	50	35.81
1234000	50	35.81
1235000	50	35.81
1236000	50	35.88
1237000	50	35.81
1238000	50	35.81
1239000	50	35.81
1240000	50	35.88
1241000	50	35.88
1242000	50	35.88
1243000	50	35.88
1244000	50	35.81
1245000	50	35.81
1246000	50	35.81
1247000	50	35.88
1248000	50	35.81
1249000	50	35.81
1250000	50	35.81
1251000	50	35.81
1252000	50	35.88
1253000	50	35.88
1254000	50	35.88
1255000	50	35.88
1256000	50	35.88
1257000	50	35.88
1258000	50	35.88
1259000	50	35.88
1260000	50	35.88
1261000	50	35.88
1262000	50	35.88
1263000	50	35.94
1264000	50	35.88
1265000	50	35.94
1266000	50	35.88
1267000	50	35.88
1268000	50	35.94
1269000	50	35.94
1270000	50	35.94
1271000	50	35.94
1272000	50	35.94
1273000	50	35.94
1274000	50	35.94
1275000	50	35.88
1276000	50	35.94
1277000	50	35.94
1278000	50	35.94
1279000	50	35.94
1280000	50	35.94
1281000	50	36.00
1282000	50	35.94
1283000	50	35.94
1284000	50	35.94
1285000	50	36.00
1286000	50	36.00
1287000	50	36.00
1288000	50	35.94
1289000	50	36.00
1290000	50	36.00
1291000	50	36.06
1292000	50	36.00
1293000	50	36.00
1294000	50	36.00
1295000	50	36.00
1296000	50	36.00
1297000	50	36.00
1298000	50	36.00
1299000	50	36.00
1300000	50	36.06
1301000	50	36.06
1302000	50	36.06
1303000	50	36.06
1304000	50	36.06
1305000	50	36.06
1306000	50	36.06
1307000	50	36.06
1308000	50	36.06
1309000	50	36.06
1310000	50	36.06
1311000	50	36.13
1312000	50	36.06
1313000	50	36.06
1314000	50	36.06
1315000	50	36.13
1316000	50	36.13
1317000	50	36.13
1318000	50	36.13
1319000	50	36.13
1320000	50	36.13
1321000	50	36.19
1322000	50	36.19
1323000	50	36.19
1324000	50	36.19
1325000	50	36.19
1326000	50	36.19
1327000	50	36.19
1328000	50	36.19
1329000	50	36.19
1330000	50	36.25
1331000	50	36.25
1332000	50	36.19
1333000	50	36.25
1334000	50	36.25
1335000	50	36.19
1336000	50	36.25
1337000	50	36.25
1338000	50	36.25
1339000	50	36.25
1340000	50	36.25
1341000	50	36.31
1342000	50	36.31
1343000	50	36.31
1344000	50	36.31
1345000	50	36.31
1346000	50	36.31
1347000	50	36.38
1348000	50	36.38
1349000	50	36.38
1350000	50	36.38
1351000	50	36.38
1352000	50	36.38
1353000	50	36.38
1354000	50	36.38
1355000	50	36.38
1356000	50	36.38
1357000	50	36.38
1358000	50	36.38
1359000	50	36.38
1360000	50	36.38
1361000	50	36.31
1362000	50	36.38
1363000	50	36.31
1364000	50	36.38
1365000	50	36.38
1366000	50	36.31
1367000	50	36.31
1368000	50	36.38
1369000	50	36.38
1370000	50	36.38
1371000	50	36.31
1372000	50	36.31
1373000	50	36.31
1374000	50	36.31
1375000	50	36.31
1376000	50	36.31
1377000	50	36.31
1378000	50	36.31
1379000	50	36.31
1380000	50	36.31
1381000	50	36.31
1382000	50	36.31
1383000	50	36.31
1384000	50	36.31
1385000	50	36.31
1386000	50	36.31
1387000	50	36.31
1388000	50	36.31
1389000	50	36.31
1390000	50	36.31
1391000	50	36.31
1392000	50	36.31
1393000	50	36.31
1394000	50	36.31
1395000	50	36.31
1396000	50	36.31
1397000	50	36.31
1398000	50	36.31
1399000	50	36.25
1400000	50	36.31
1401000	50	36.31
1402000	50	36.31
1403000	50	36.31
1404000	50	36.31
1405000	50	36.25
1406000	50	36.31
1407000	50	36.31
1408000	50	36.25
1409000	50	36.31
1410000	50	36.25
1411000	50	36.31
1412000	50	36.31
1413000	50	36.25
1414000	50	36.25
1415000	50	36.31
1416000	50	36.31
1417000	50	36.31
1418000	50	36.31
1419000	50	36.31
1420000	50	36.31
1421000	50	36.31
1422000	50	36.31
1423000	50	36.31
1424000	50	36.31
1425000	50	36.38
1426000	50	36.38
1427000	50	36.38
1428000	50	36.38
1429000	50	36.38
1430000	50	36.38
1431000	50	36.38
1432000	50	36.38
1433000	50	36.38
1434000	50	36.38
1435000	50	36.38
1436000	50	36.38
1437000	50	36.38
1438000	50	36.44
1439000	50	36.44
1440000	50	36.44
1441000	50	36.44
1442000	50	36.44
1443000	50	36.44
1444000	50	36.38
1445000	50	36.50
1446000	50	36.44
1447000	50	36.44
1448000	50	36.44
1449000	50	36.44
1450000	50	36.44
1451000	50	36.44
1452000	50	36.50
1453000	50	36.50
1454000	50	36.44
1455000	50	36.50
1456000	50	36.50
1457000	50	36.50
1458000	50	36.50
1459000	50	36.50
1460000	50	36.50
1461000	50	36.50
1462000	50	36.50
1463000	50	36.56
1464000	50	36.56
1465000	50	36.50
1466000	50	36.56
1467000	50	36.56
1468000	50	36.56
1469000	50	36.56
1470000	50	36.56
1471000	50	36.56
1472000	50	36.56
1473000	50	36.56
1474000	50	36.56
1475000	50	36.56
1476000	50	36.63
1477000	50	36.63
1478000	50	36.63
1479000	50	36.56
1480000	50	36.63
1481000	50	36.56
1482000	50	36.63
1483000	50	36.63
1484000	50	36.63
1485000	50	36.63
1486000	50	36.63
1487000	50	36.63
1488000	50	36.63
1489000	50	36.63
1490000	50	36.69
1491000	50	36.63
1492000	50	36.63
1493000	50	36.69
1494000	50	36.69
1495000	50	36.69
1496000	50	36.69
1497000	50	36.69
1498000	50	36.69
1499000	50	36.69
1500000	50	36.69
1501000	50	36.69
1502000	50	36.69
1503000	50	36.63
1504000	50	36.69
1505000	50	36.69
1506000	50	36.69
1507000	50	36.69
1508000	50	36.63
1509000	50	36.63
1510000	50	36.63
1511000	50	36.63
1512000	50	36.63
1513000	50	36.63
1514000	50	36.63
1515000	50	36.56
1516000	50	36.63
1517000	50	36.56
1518000	50	36.56
1519000	50	36.56
1520000	50	36.56
1521000	50	36.56
1522000	50	36.56
1523000	50	36.50
1524000	50	36.56
1525000	50	36.56
1526000	50	36.56
1527000	50	36.56
1528000	50	36.56
1529000	50	36.56
1530000	50	36.56
1531000	50	36.63
1532000	50	36.56
1533000	50	36.56
1534000	50	36.56
1535000	50	36.56
1536000	50	36.56
1537000	50	36.56
1538000	50	36.56
1539000	50	36.56
1540000	50	36.56
1541000	50	36.56
1542000	50	36.56
1543000	50	36.56
1544000	50	36.50
1545000	50	36.56
1546000	50	36.56
1547000	50	36.56
1548000	50	36.56
1549000	50	36.50
1550000	50	36.56
1551000	50	36.50
1552000	50	36.50
1553000	50	36.50
1554000	50	36.56
1555000	50	36.56
1556000	50	36.50
1557000	50	36.50
1558000	50	36.50
1559000	50	36.50
1560000	50	36.50
1561000	50	36.50
1562000	50	36.50
1563000	50	36.50
1564000	50	36.50
1565000	50	36.50
1566000	50	36.50
1567000	50	36.56
1568000	50	36.50
1569000	50	36.50
1570000	50	36.50
1571000	50	36.50
1572000	50	36.50
1573000	50	36.50
1574000	50	36.50
1575000	50	36.50
1576000	50	36.50
1577000	50	36.50
1578000	50	36.50
1579000	50	36.50
1580000	50	36.50
1581000	50	36.50
1582000	50	36.56
1583000	50	36.50
1584000	50	36.56
1585000	50	36.56
1586000	50	36.56
1587000	50	36.56
1588000	50	36.56
1589000	50	36.56
1590000	50	36.50
1591000	50	36.50
1592000	50	36.56
1593000	50	36.50
1594000	50	36.56
1595000	50	36.50
1596000	50	36.50
1597000	50	36.50
1598000	50	36.56
1599000	50	36.56
1600000	50	36.56
1601000	50	36.56
1602000	50	36.56
1603000	50	36.56
1604000	50	36.56
1605000	50	36.56
1606000	50	36.56
1607000	50	36.56
1608000	50	36.56
1609000	50	36.56
1610000	50	36.56
1611000	50	36.56
1612000	50	36.56
1613000	50	36.56
1614000	50	36.56
1615000	50	36.56
1616000	50	36.56
1617000	50	36.56
1618000	50	36.56
1619000	50	36.56
1620000	50	36.56
1621000	50	36.56
1622000	50	36.56
1623000	50	36.56
1624000	50	36.56
1625000	50	36.56
1626000	50	36.56
1627000	50	36.50
1628000	50	36.50
1629000	50	36.50
1630000	50	36.50
1631000	50	36.56
1632000	50	36.56
1633000	50	36.50
1634000	50	36.50
1635000	50	36.56
1636000	50	36.50
1637000	50	36.56
1638000	50	36.56
1639000	50	36.56
1640000	50	36.56
1641000	50	36.56
1642000	50	36.56
1643000	50	36.56
1644000	50	36.56
1645000	50	36.50
1646000	50	36.56
1647000	50	36.50
1648000	50	36.50
1649000	50	36.50
1650000	50	36.50
1651000	50	36.50
1652000	50	36.50
1653000	50	36.56
1654000	50	36.56
1655000	50	36.50
1656000	50	36.50
1657000	50	36.50
1658000	50	36.50
1659000	50	36.50
1660000	50	36.56
1661000	50	36.56
1662000	50	36.56
1663000	50	36.56
1664000	50	36.50
1665000	50	36.56
1666000	50	36.56
1667000	50	36.56
1668000	50	36.56
1669000	50	36.56
1670000	50	36.56
1671000	50	36.56
1672000	50	36.50
1673000	50	36.50
1674000	50	36.56
1675000	50	36.56
1676000	50	36.50
1677000	50	36.56
1678000	50	36.56
1679000	50	36.56
1680000	50	36.56
1681000	50	36.56
1682000	50	36.56
1683000	50	36.56
1684000	50	36.50
1685000	50	36.50
1686000	50	36.50
1687000	50	36.56
1688000	50	36.50
1689000	50	36.50
1690000	50	36.50
1691000	50	36.50
1692000	50	36.56
1693000	50	36.50
1694000	50	36.50
1695000	50	36.50
1696000	50	36.50
1697000	50	36.50
1698000	50	36.50
1699000	50	36.50
1700000	50	36.44
1701000	50	36.44
1702000	50	36.44
1703000	50	36.50
1704000	50	36.50
1705000	50	36.50
1706000	50	36.50
1707000	50	36.50
1708000	50	36.50
1709000	50	36.50
1710000	50	36.50
1711000	50	36.50
1712000	50	36.50
1713000	50	36.50
1714000	50	36.50
1715000	50	36.56
1716000	50	36.56
1717000	50	36.56
1718000	50	36.50
1719000	50	36.56
1720000	50	36.56
1721000	50	36.56
1722000	50	36.56
1723000	50	36.56
1724000	50	36.56
1725000	50	36.56
1726000	50	36.56
1727000	50	36.50
1728000	50	36.56
1729000	50	36.56
1730000	50	36.56
1731000	50	36.56
1732000	50	36.50
1733000	50	36.56
1734000	50	36.56
1735000	50	36.50
1736000	50	36.56
1737000	50	36.56
1738000	50	36.56
1739000	50	36.50
1740000	50	36.56
1741000	50	36.56
1742000	50	36.56
1743000	50	36.56
1744000	50	36.56
1745000	50	36.56
1746000	50	36.56
1747000	50	36.56
1748000	50	36.56
1749000	50	36.56
1750000	50	36.56
1751000	50	36.56
1752000	50	36.56
1753000	50	36.56
1754000	50	36.56
1755000	50	36.56
1756000	50	36.56
1757000	50	36.56
1758000	50	36.56
1759000	50	36.56
1760000	50	36.56
1761000	50	36.56
1762000	50	36.56
1763000	50	36.56
1764000	50	36.56
1765000	50	36.56
1766000	50	36.50
1767000	50	36.56
1768000	50	36.56
1769000	50	36.56
1770000	50	36.56
1771000	50	36.56
1772000	50	36.56
1773000	50	36.56
1774000	50	36.56
1775000	50	36.56
1776000	50	36.56
1777000	50	36.56
1778000	50	36.56
1779000	50	36.56
1780000	50	36.56
1781000	50	36.56
1782000	50	36.56
1783000	50	36.56
1784000	50	36.56
1785000	50	36.56
1786000	50	36.56
1787000	50	36.56
1788000	50	36.56
1789000	50	36.56
1790000	50	36.56
1791000	50	36.56
1792000	50	36.50
1793000	50	36.50
1794000	50	36.56
1795000	50	36.56
1796000	50	36.56
1797000	50	36.56
1798000	50	36.56
1799000	50	36.50
1800000	50	36.56
1801000	50	36.56
1802000	50	36.56
1803000	50	36.56
1804000	50	36.50
1805000	50	36.56
1806000	50	36.50
1807000	50	36.56
1808000	50	36.56
1809000	50	36.56
1810000	50	36.56
1811000	50	36.56
1812000	50	36.56
1813000	50	36.50
1814000	50	36.56
1815000	50	36.56
1816000	50	36.56
1817000	50	36.56
1818000	50	36.50
1819000	50	36.56
1820000	50	36.56
1821000	50	36.50
1822000	50	36.56
1823000	50	36.56
1824000	50	36.50
1825000	50	36.50
1826000	50	36.56
1827000	50	36.50
1828000	50	36.50
1829000	50	36.50
1830000	50	36.50
1831000	50	36.50
1832000	50	36.56
1833000	50	36.56
1834000	50	36.50
1835000	50	36.56
1836000	50	36.50
1837000	50	36.50
1838000	50	36.50
1839000	50	36.50
1840000	50	36.50
1841000	50	36.56
1842000	50	36.50
1843000	50	36.56
1844000	50	36.50
1845000	50	36.50
1846000	50	36.50
1847000	50	36.50
1848000	50	36.50
1849000	50	36.50
1850000	50	36.50
1851000	50	36.50
1852000	50	36.50
1853000	50	36.50
1854000	50	36.50
1855000	50	36.50
1856000	50	36.50
1857000	50	36.50
1858000	50	36.50
1859000	50	36.50
1860000	50	36.50
1861000	50	36.56
1862000	50	36.50
1863000	50	36.50
1864000	50	36.50
1865000	50	36.50
1866000	50	36.50
1867000	50	36.56
1868000	50	36.56
1869000	50	36.56
1870000	50	36.56
1871000	50	36.56
1872000	50	36.56
1873000	50	36.56
1874000	50	36.56
1875000	50	36.56
1876000	50	36.63
1877000	50	36.56
1878000	50	36.56
1879000	50	36.63
1880000	50	36.56
1881000	50	36.56
1882000	50	36.56
1883000	50	36.56
1884000	50	36.56
1885000	50	36.56
1886000	50	36.56
1887000	50	36.56
1888000	50	36.56
1889000	50	36.56
1890000	50	36.56
1891000	50	36.50
1892000	50	36.50
1893000	50	36.50
1894000	50	36.50
1895000	50	36.50
1896000	50	36.50
1897000	50	36.50
1898000	50	36.50
1899000	50	36.50
1900000	50	36.50
1901000	50	36.50
1902000	50	36.50
1903000	50	36.50
1904000	50	36.56
1905000	50	36.44
1906000	50	36.50
1907000	50	36.50
1908000	50	36.50
1909000	50	36.50
1910000	50	36.44
1911000	50	36.44
1912000	50	36.44
1913000	50	36.44
1914000	50	36.50
1915000	50	36.44
1916000	50	36.50
1917000	50	36.44
1918000	50	36.44
1919000	50	36.44
1920000	50	36.44
1921000	50	36.50
1922000	50	36.50
1923000	50	36.50
1924000	50	36.50
1925000	50	36.50
1926000	50	36.50
1927000	50	36.56
1928000	50	36.56
1929000	50	36.50
1930000	50	36.56
1931000	50	36.56
1932000	50	36.56
1933000	50	36.56
1934000	50	36.56
1935000	50	36.50
1936000	50	36.50
1937000	50	36.50
1938000	50	36.50
1939000	50	36.50
1940000	50	36.50
1941000	50	36.44
1942000	50	36.50
1943000	50	36.44
1944000	50	36.44
1945000	50	36.44
1946000	50	36.50
1947000	50	36.44
1948000	50	36.44
1949000	50	36.44
1950000	50	36.50
1951000	50	36.50
1952000	50	36.50
1953000	50	36.50
1954000	50	36.50
1955000	50	36.50
1956000	50	36.50
1957000	50	36.50
1958000	50	36.50
1959000	50	36.56
1960000	50	36.56
1961000	50	36.56
1962000	50	36.50
1963000	50	36.56
1964000	50	36.63
1965000	50	36.56
1966000	50	36.56
1967000	50	36.56
1968000	50	36.56
1969000	50	36.56
1970000	50	36.56
1971000	50	36.63
1972000	50	36.56
1973000	50	36.56
1974000	50	36.56
1975000	50	36.56
1976000	50	36.63
1977000	50	36.56
1978000	50	36.63
1979000	50	36.63
1980000	50	36.56
1981000	50	36.56
1982000	50	36.56
1983000	50	36.56
1984000	50	36.56
1985000	50	36.56
1986000	50	36.56
1987000	50	36.56
1988000	50	36.56
1989000	50	36.56
1990000	50	36.63
1991000	50	36.56
1992000	50	36.56
1993000	50	36.56
1994000	50	36.56
1995000	50	36.56
1996000	50	36.56
1997000	50	36.56
1998000	50	36.56
1999000	50	36.63
2000000	50	36.63
2001000	50	36.63
2002000	50	36.56
2003000	50	36.56
2004000	50	36.63
2005000	50	36.63
2006000	50	36.63
2007000	50	36.63
2008000	50	36.63
2009000	50	36.63
2010000	50	36.69
2011000	50	36.69
2012000	50	36.69
2013000	50	36.63
2014000	50	36.63
2015000	50	36.63
2016000	50	36.63
2017000	50	36.69
2018000	50	36.69
2019000	50	36.63
2020000	50	36.63
2021000	50	36.63
2022000	50	36.56
2023000	50	36.63
2024000	50	36.63
2025000	50	36.63
2026000	50	36.63
2027000	50	36.56
2028000	50	36.63
2029000	50	36.63
2030000	50	36.63
2031000	50	36.63
2032000	50	36.63
2033000	50	36.63
2034000	50	36.63
2035000	50	36.63
2036000	50	36.63
2037000	50	36.63
2038000	50	36.63
2039000	50	36.63
2040000	50	36.63
2041000	50	36.63
2042000	50	36.69
2043000	50	36.63
2044000	50	36.63
2045000	50	36.63
2046000	50	36.63
2047000	50	36.63
2048000	50	36.63
2049000	50	36.63
2050000	50	36.63
2051000	50	36.63
2052000	50	36.63
2053000	50	36.63
2054000	50	36.63
2055000	50	36.69
2056000	50	36.63
2057000	50	36.63
2058000	50	36.63
2059000	50	36.69
2060000	50	36.63
2061000	50	36.69
2062000	50	36.63
2063000	50	36.63
2064000	50	36.63
2065000	50	36.63
2066000	50	36.63
2067000	50	36.63
2068000	50	36.63
2069000	50	36.63
2070000	50	36.63
2071000	50	36.56
2072000	50	36.56
2073000	50	36.63
2074000	50	36.63
2075000	50	36.63
2076000	50	36.69
2077000	50	36.69
2078000	50	36.63
2079000	50	36.69
2080000	50	36.69
2081000	50	36.69
2082000	50	36.69
2083000	50	36.69
2084000	50	36.75
2085000	50	36.75
2086000	50	36.69
2087000	50	36.75
2088000	50	36.75
2089000	50	36.69
2090000	50	36.75
2091000	50	36.75
2092000	50	36.75
2093000	50	36.69
2094000	50	36.75
2095000	50	36.75
2096000	50	36.75
2097000	50	36.75
2098000	50	36.75
2099000	50	36.75
2100000	50	36.75
2101000	50	36.75
2102000	50	36.81
2103000	50	36.81
2104000	50	36.81
2105000	50	36.81
2106000	50	36.81
2107000	50	36.88
2108000	50	36.81
2109000	50	36.88
2110000	50	36.81
2111000	50	36.88
2112000	50	36.88
2113000	50	36.88
2114000	50	36.88
2115000	50	36.88
2116000	50	36.81
2117000	50	36.81
2118000	50	36.88
2119000	50	36.94
2120000	50	36.88
2121000	50	36.88
2122000	50	36.88
2123000	50	36.88
2124000	50	36.88
2125000	50	36.88
2126000	50	36.88
2127000	50	36.88
2128000	50	36.88
2129000	50	36.88
2130000	50	36.88
2131000	50	36.88
2132000	50	36.88
2133000	50	36.88
2134000	50	36.88
2135000	50	36.88
2136000	50	36.88
2137000	50	36.81
2138000	50	36.81
2139000	50	36.81
2140000	50	36.81
2141000	50	36.81
2142000	50	36.81
2143000	50	36.88
2144000	50	36.81
2145000	50	36.88
2146000	50	36.81
2147000	50	36.88
2148000	50	36.88
2149000	50	36.81
2150000	50	36.88
2151000	50	36.81
2152000	50	36.81
2153000	50	36.88
2154000	50	36.88
2155000	50	36.81
2156000	50	36.81
2157000	50	36.81
2158000	50	36.81
2159000	50	36.81
2160000	50	36.88
2161000	50	36.81
2162000	50	36.81
2163000	50	36.81
2164000	50	36.81
2165000	50	36.81
2166000	50	36.81
2167000	50	36.81
2168000	50	36.88
2169000	50	36.88
2170000	50	36.81
2171000	50	36.81
2172000	50	36.81
2173000	50	36.88
2174000	50	36.81
2175000	50	36.81
2176000	50	36.81
2177000	50	36.88
2178000	50	36.81
2179000	50	36.81
2180000	50	36.88
2181000	50	36.88
2182000	50	36.88
2183000	50	36.88
2184000	50	36.88
2185000	50	36.88
2186000	50	36.88
2187000	50	36.88
2188000	50	36.88
2189000	50	36.94
2190000	50	36.88
2191000	50	36.94
2192000	50	36.94
2193000	50	36.88
2194000	50	36.94
2195000	50	36.88
2196000	50	36.94
2197000	50	36.94
2198000	50	36.94
2199000	50	36.88
2200000	50	36.94
2201000	50	36.94
2202000	50	36.94
2203000	50	36.94
2204000	50	37.00
2205000	50	36.94
2206000	50	37.00
2207000	50	37.00
2208000	50	37.00
2209000	50	37.00
2210000	50	37.00
2211000	50	36.94
2212000	50	36.94
2213000	50	36.94
2214000	50	37.00
2215000	50	36.94
2216000	50	37.00
2217000	50	37.00
2218000	50	36.94
2219000	50	36.94
2220000	50	36.94
2221000	50	36.94
2222000	50	36.94
2223000	50	36.88
2224000	50	37.00
2225000	50	37.00
2226000	50	37.00
2227000	50	36.94
2228000	50	37.00
2229000	50	37.00
2230000	50	37.00
2231000	50	37.00
2232000	50	37.00
2233000	50	37.00
2234000	50	37.00
2235000	50	37.00
2236000	50	36.94
2237000	50	37.00
2238000	50	36.94
2239000	50	37.00
2240000	50	37.00
2241000	50	37.00
2242000	50	37.00
2243000	50	36.94
2244000	50	37.00
2245000	50	37.00
2246000	50	37.00
2247000	50	37.00
2248000	50	37.00
2249000	50	37.00
2250000	50	37.00
2251000	50	37.00
2252000	50	37.00
2253000	50	37.00
2254000	50	37.00
2255000	50	37.00
2256000	50	37.00
2257000	50	37.06
2258000	50	37.00
2259000	50	37.00
2260000	50	37.00
2261000	50	37.00
2262000	50	37.00
2263000	50	37.00
2264000	50	37.00
2265000	50	37.00
2266000	50	37.00
2267000	50	37.00
2268000	50	37.00
2269000	50	37.00
2270000	50	37.00
2271000	50	37.00
2272000	50	37.00
2273000	50	36.94
2274000	50	37.00
2275000	50	37.00
2276000	50	37.00
2277000	50	37.00
2278000	50	37.00
2279000	50	37.00
2280000	50	37.00
2281000	50	37.00
2282000	50	37.00
2283000	50	37.00
2284000	50	37.00
2285000	50	37.00
2286000	50	37.00
2287000	50	37.00
2288000	50	37.00
2289000	50	37.00
2290000	50	37.00
2291000	50	37.00
2292000	50	37.00
2293000	50	37.00
2294000	50	37.00
2295000	50	37.00
2296000	50	37.00
2297000	50	37.00
2298000	50	37.06
2299000	50	37.00
2300000	50	37.00
2301000	50	37.00
2302000	50	37.00
2303000	50	37.06
2304000	50	37.00
2305000	50	37.06
2306000	50	37.06
2307000	50	37.06
2308000	50	37.06
2309000	50	37.06
2310000	50	37.00
2311000	50	37.06
2312000	50	37.06
2313000	50	37.06
2314000	50	37.00
2315000	50	37.00
2316000	50	37.00
2317000	50	37.00
2318000	50	37.00
2319000	50	37.00
2320000	50	37.00
2321000	50	37.00
2322000	50	37.00
2323000	50	37.00
2324000	50	37.00
2325000	50	37.00
2326000	50	37.00
2327000	50	37.00
2328000	50	37.00
2329000	50	37.00
2330000	50	37.00
2331000	50	37.00
2332000	50	37.00
2333000	50	37.00
2334000	50	37.00
2335000	50	37.00
2336000	50	37.00
2337000	50	37.00
2338000	50	37.00
2339000	50	37.00
2340000	50	37.00
2341000	50	37.00
2342000	50	37.00
2343000	50	37.00
2344000	50	36.94
2345000	50	37.00
2346000	50	37.00
2347000	50	37.00
2348000	50	37.00
2349000	50	37.00
2350000	50	37.00
2351000	50	37.00
2352000	50	37.00
2353000	50	37.06
2354000	50	37.00
2355000	50	37.00
2356000	50	37.06
2357000	50	37.00
2358000	50	37.06
2359000	50	37.06
2360000	50	37.06
2361000	50	37.06
2362000	50	37.06
2363000	50	37.06
2364000	50	37.06
2365000	50	37.13
2366000	50	37.06
2367000	50	37.06
2368000	50	37.06
2369000	50	37.06
2370000	50	37.13
2371000	50	37.13
2372000	50	37.13
2373000	50	37.06
2374000	50	37.06
2375000	50	37.13
2376000	50	37.13
2377000	50	37.06
2378000	50	37.06
2379000	50	37.06
2380000	50	37.06
2381000	50	37.13
2382000	50	37.13
2383000	50	37.06
2384000	50	37.13
2385000	50	37.06
2386000	50	37.13
2387000	50	37.13
2388000	50	37.13
2389000	50	37.13
2390000	50	37.13
2391000	50	37.13
2392000	50	37.13
2393000	50	37.13
2394000	50	37.13
2395000	50	37.13
2396000	50	37.13
2397000	50	37.13
2398000	50	37.13
2399000	50	37.13
2400000	50	37.13
2401000	50	37.13
2402000	50	37.13
2403000	50	37.13
2404000	50	37.13
2405000	50	37.13
2406000	50	37.13
2407000	50	37.13
2408000	50	37.13
2409000	50	37.19
2410000	50	37.13
2411000	50	37.13
2412000	50	37.13
2413000	50	37.13
2414000	50	37.13
2415000	50	37.19
2416000	50	37.19
2417000	50	37.13
2418000	50	37.19
2419000	50	37.19
2420000	50	37.19
2421000	50	37.19
2422000	50	37.19
2423000	50	37.13
2424000	50	37.19
2425000	50	37.13
2426000	50	37.13
2427000	50	37.13
2428000	50	37.19
2429000	50	37.19
2430000	50	37.19
2431000	50	37.19
2432000	50	37.19
2433000	50	37.19
2434000	50	37.19
2435000	50	37.19
2436000	50	37.19
2437000	50	37.19
2438000	50	37.19
2439000	50	37.19
2440000	50	37.19
2441000	50	37.19
2442000	50	37.19
2443000	50	37.19
2444000	50	37.19
2445000	50	37.25
2446000	50	37.25
2447000	50	37.19
2448000	50	37.19
2449000	50	37.25
2450000	50	37.19
2451000	50	37.25
2452000	50	37.19
2453000	50	37.19
2454000	50	37.25
2455000	50	37.19
2456000	50	37.25
2457000	50	37.25
2458000	50	37.25
2459000	50	37.19
2460000	50	37.25
2461000	50	37.25
2462000	50	37.25
2463000	50	37.25
2464000	50	37.25
2465000	50	37.25
2466000	50	37.25
2467000	50	37.25
2468000	50	37.25
2469000	50	37.25
2470000	50	37.25
2471000	50	37.25
2472000	50	37.25
2473000	50	37.25
2474000	50	37.25
2475000	50	37.25
2476000	50	37.25
2477000	50	37.31
2478000	50	37.25
2479000	50	37.25
2480000	50	37.31
2481000	50	37.31
2482000	50	37.31
2483000	50	37.31
2484000	50	37.31
2485000	50	37.31
2486000	50	37.31
2487000	50	37.31
2488000	50	37.31
2489000	50	37.31
2490000	50	37.31
2491000	50	37.31
2492000	50	37.31
2493000	50	37.31
2494000	50	37.31
2495000	50	37.31
2496000	50	37.31
2497000	50	37.31
2498000	50	37.31
2499000	50	37.31
2500000	50	37.38
2501000	50	37.31
2502000	50	37.31
2503000	50	37.31
2504000	50	37.31
2505000	50	37.31
2506000	50	37.31
2507000	50	37.31
2508000	50	37.31
2509000	50	37.31
2510000	50	37.31
2511000	50	37.31
2512000	50	37.31
2513000	50	37.31
2514000	50	37.31
2515000	50	37.31
2516000	50	37.31
2517000	50	37.25
2518000	50	37.31
2519000	50	37.31
2520000	50	37.31
2521000	50	37.31
2522000	50	37.31
2523000	50	37.31
2524000	50	37.25
2525000	50	37.25
2526000	50	37.25
2527000	50	37.25
2528000	50	37.25
2529000	50	37.25
2530000	50	37.25
2531000	50	37.25
2532000	50	37.25
2533000	50	37.25
2534000	50	37.25
2535000	50	37.25
2536000	50	37.25
2537000	50	37.25
2538000	50	37.25
2539000	50	37.25
2540000	50	37.25
2541000	50	37.25
2542000	50	37.25
2543000	50	37.25
2544000	50	37.31
2545000	50	37.31
2546000	50	37.31
2547000	50	37.31
2548000	50	37.31
2549000	50	37.31
2550000	50	37.31
2551000	50	37.31
2552000	50	37.31
2553000	50	37.31
2554000	50	37.31
2555000	50	37.31
2556000	50	37.31
2557000	50	37.25
2558000	50	37.31
2559000	50	37.31
2560000	50	37.31
2561000	50	37.31
2562000	50	37.31
2563000	50	37.31
2564000	50	37.31
2565000	50	37.31
2566000	50	37.31
2567000	50	37.31
2568000	50	37.31
2569000	50	37.31
2570000	50	37.38
2571000	50	37.31
2572000	50	37.31
2573000	50	37.38
2574000	50	37.38
2575000	50	37.38
2576000	50	37.31
2577000	50	37.31
2578000	50	37.38
2579000	50	37.38
2580000	50	37.38
2581000	50	37.44
2582000	50	37.38
2583000	50	37.38
2584000	50	37.38
2585000	50	37.38
2586000	50	37.44
2587000	50	37.38
2588000	50	37.44
2589000	50	37.38
2590000	50	37.38
2591000	50	37.44
2592000	50	37.44
2593000	50	37.44
2594000	50	37.44
2595000	50	37.50
2596000	50	37.50
2597000	50	37.50
2598000	50	37.50
2599000	50	37.50
2600000	50	37.50
2601000	50	37.50
2602000	50	37.50
2603000	50	37.50
2604000	50	37.50
2605000	50	37.50
2606000	50	37.50
2607000	50	37.50
2608000	50	37.50
2609000	50	37.50
2610000	50	37.50
2611000	50	37.50
2612000	50	37.50
2613000	50	37.56
2614000	50	37.56
2615000	50	37.56
2616000	50	37.56
2617000	50	37.56
2618000	50	37.50
2619000	50	37.56
2620000	50	37.56
2621000	50	37.56
2622000	50	37.56
2623000	50	37.50
2624000	50	37.50
2625000	50	37.56
2626000	50	37.50
2627000	50	37.56
2628000	50	37.50
2629000	50	37.56
2630000	50	37.56
2631000	50	37.56
2632000	50	37.56
2633000	50	37.56
2634000	50	37.56
2635000	50	37.56
2636000	50	37.56
2637000	50	37.56
2638000	50	37.56
2639000	50	37.56
2640000	50	37.63
2641000	50	37.56
2642000	50	37.56
2643000	50	37.56
2644000	50	37.56
2645000	50	37.63
2646000	50	37.56
2647000	50	37.56
2648000	50	37.56
2649000	50	37.56
2650000	50	37.56
2651000	50	37.56
2652000	50	37.56
2653000	50	37.56
2654000	50	37.56
2655000	50	37.56
2656000	50	37.56
2657000	50	37.56
2658000	50	37.56
2659000	50	37.56
2660000	50	37.56
2661000	50	37.56
2662000	50	37.56
2663000	50	37.56
2664000	50	37.56
2665000	50	37.56
2666000	50	37.56
2667000	50	37.56
2668000	50	37.56
2669000	50	37.56
2670000	50	37.63
2671000	50	37.56
2672000	50	37.56
2673000	50	37.63
2674000	50	37.63
2675000	50	37.63
2676000	50	37.63
2677000	50	37.63
2678000	50	37.63
2679000	50	37.63
2680000	50	37.63
2681000	50	37.63
2682000	50	37.63
2683000	50	37.63
2684000	50	37.63
2685000	50	37.63
2686000	50	37.56
2687000	50	37.63
2688000	50	37.63
2689000	50	37.63
2690000	50	37.63
2691000	50	37.63
2692000	50	37.63
2693000	50	37.63
2694000	50	37.69
2695000	50	37.63
2696000	50	37.63
2697000	50	37.69
2698000	50	37.69
2699000	50	37.69
2700000	50	37.69
2701000	50	37.69
2702000	50	37.63
2703000	50	37.69
2704000	50	37.69
2705000	50	37.69
2706000	50	37.69
2707000	50	37.69
2708000	50	37.69
2709000	50	37.69
2710000	50	37.75
2711000	50	37.69
2712000	50	37.69
2713000	50	37.69
2714000	50	37.75
2715000	50	37.69
2716000	50	37.69
2717000	50	37.69
2718000	50	37.69
2719000	50	37.69
2720000	50	37.69
2721000	50	37.75
2722000	50	37.69
2723000	50	37.69
2724000	50	37.75
2725000	50	37.69
2726000	50	37.69
2727000	50	37.69
2728000	50	37.69
2729000	50	37.75
2730000	50	37.69
2731000	50	37.75
2732000	50	37.69
2733000	50	37.69
2734000	50	37.69
2735000	50	37.75
2736000	50	37.69
2737000	50	37.69
2738000	50	37.69
2739000	50	37.69
2740000	50	37.69
2741000	50	37.69
2742000	50	37.75
2743000	50	37.69
2744000	50	37.69
2745000	50	37.69
2746000	50	37.69
2747000	50	37.75
2748000	50	37.69
2749000	50	37.75
2750000	50	37.75
2751000	50	37.69
2752000	50	37.75
2753000	50	37.75
2754000	50	37.75
2755000	50	37.75
2756000	50	37.75
2757000	50	37.75
2758000	50	37.81
2759000	50	37.75
2760000	50	37.75
2761000	50	37.75
2762000	50	37.75
2763000	50	37.75
2764000	50	37.75
2765000	50	37.75
2766000	50	37.75
2767000	50	37.75
2768000	50	37.81
2769000	50	37.75
2770000	50	37.75
2771000	50	37.75
2772000	50	37.81
2773000	50	37.75
2774000	50	37.81
2775000	50	37.75
2776000	50	37.81
2777000	50	37.75
2778000	50	37.75
2779000	50	37.75
2780000	50	37.75
2781000	50	37.75
2782000	50	37.75
2783000	50	37.75
2784000	50	37.75
2785000	50	37.75
2786000	50	37.75
2787000	50	37.75
2788000	50	37.81
2789000	50	37.81
2790000	50	37.81
2791000	50	37.81
2792000	50	37.75
2793000	50	37.75
2794000	50	37.75
2795000	50	37.75
2796000	50	37.69
2797000	50	37.75
2798000	50	37.75
2799000	50	37.75
2800000	50	37.75
2801000	50	37.75
2802000	50	37.75
2803000	50	37.75
2804000	50	37.75
2805000	50	37.75
2806000	50	37.75
2807000	50	37.75
2808000	50	37.75
2809000	50	37.75
2810000	50	37.75
2811000	50	37.75
2812000	50	37.75
2813000	50	37.75
2814000	50	37.75
2815000	50	37.75
2816000	50	37.75
2817000	50	37.75
2818000	50	37.75
2819000	50	37.75
2820000	50	37.75
2821000	50	37.75
2822000	50	37.69
2823000	50	37.75
2824000	50	37.69
2825000	50	37.69
2826000	50	37.69
2827000	50	37.75
2828000	50	37.75
2829000	50	37.75
2830000	50	37.75
2831000	50	37.75
2832000	50	37.69
2833000	50	37.69
2834000	50	37.69
2835000	50	37.75
2836000	50	37.69
2837000	50	37.69
2838000	50	37.69
2839000	50	37.69
2840000	50	37.69
2841000	50	37.69
2842000	50	37.69
2843000	50	37.69
2844000	50	37.69
2845000	50	37.63
2846000	50	37.69
2847000	50	37.63
2848000	50	37.69
2849000	50	37.69
2850000	50	37.69
2851000	50	37.69
2852000	50	37.69
2853000	50	37.63
2854000	50	37.69
2855000	50	37.69
2856000	50	37.63
2857000	50	37.69
2858000	50	37.69
2859000	50	37.69
2860000	50	37.69
2861000	50	37.69
2862000	50	37.69
2863000	50	37.69
2864000	50	37.69
2865000	50	37.69
2866000	50	37.69
2867000	50	37.69
2868000	50	37.69
2869000	50	37.69
2870000	50	37.75
2871000	50	37.75
2872000	50	37.75
2873000	50	37.75
2874000	50	37.75
2875000	50	37.69
2876000	50	37.75
2877000	50	37.75
2878000	50	37.75
2879000	50	37.75
2880000	50	37.75
2881000	50	37.75
2882000	50	37.75
2883000	50	37.75
2884000	50	37.75
2885000	50	37.75
2886000	50	37.75
2887000	50	37.75
2888000	50	37.81
2889000	50	37.81
2890000	50	37.81
2891000	50	37.81
2892000	50	37.81
2893000	50	37.81
2894000	50	37.81
2895000	50	37.81
2896000	50	37.81
2897000	50	37.81
2898000	50	37.81
2899000	50	37.81
2900000	50	37.81
2901000	50	37.81
2902000	50	37.81
2903000	50	37.81
2904000	50	37.81
2905000	50	37.88
2906000	50	37.81
2907000	50	37.81
2908000	50	37.81
2909000	50	37.81
2910000	50	37.81
2911000	50	37.81
2912000	50	37.81
2913000	50	37.81
2914000	50	37.81
2915000	50	37.81
2916000	50	37.81
2917000	50	37.75
2918000	50	37.75
2919000	50	37.81
2920000	50	37.81
2921000	50	37.81
2922000	50	37.75
2923000	50	37.81
2924000	50	37.81
2925000	50	37.81
2926000	50	37.81
2927000	50	37.81
2928000	50	37.81
2929000	50	37.81
2930000	50	37.81
2931000	50	37.88
2932000	50	37.81
2933000	50	37.88
2934000	50	37.88
2935000	50	37.88
2936000	50	37.88
2937000	50	37.88
2938000	50	37.88
2939000	50	37.88
2940000	50	37.88
2941000	50	37.88
2942000	50	37.88
2943000	50	37.88
2944000	50	37.88
2945000	50	37.88
2946000	50	37.88
2947000	50	37.94
2948000	50	37.88
2949000	50	37.88
2950000	50	37.88
2951000	50	37.88
2952000	50	37.88
2953000	50	37.88
2954000	50	37.88
2955000	50	37.88
2956000	50	37.88
2957000	50	37.88
2958000	50	37.88
2959000	50	37.88
2960000	50	37.88
2961000	50	37.88
2962000	50	37.88
2963000	50	37.88
2964000	50	37.88
2965000	50	37.81
2966000	50	37.88
2967000	50	37.88
2968000	50	37.88
2969000	50	37.88
2970000	50	37.88
2971000	50	37.81
2972000	50	37.88
2973000	50	37.88
2974000	50	37.88
2975000	50	37.88
2976000	50	37.88
2977000	50	37.88
2978000	50	37.88
2979000	50	37.88
2980000	50	37.88
2981000	50	37.88
2982000	50	37.88
2983000	50	37.81
2984000	50	37.88
2985000	50	37.88
2986000	50	37.88
2987000	50	37.88
2988000	50	37.88
2989000	50	37.81
2990000	50	37.88
2991000	50	37.81
2992000	50	37.88
2993000	50	37.88
2994000	50	37.81
2995000	50	37.88
2996000	50	37.88
2997000	50	37.81
2998000	50	37.81
2999000	50	37.88
3000000	50	37.88
3001000	50	37.81
3002000	50	37.88
3003000	50	37.81
3004000	50	37.88
3005000	50	37.88
3006000	50	37.88
3007000	50	37.88
3008000	50	37.88
3009000	50	37.88
3010000	50	37.81
3011000	50	37.88
3012000	50	37.88
3013000	50	37.81
3014000	50	37.81
3015000	50	37.81
3016000	50	37.81
3017000	50	37.88
3018000	50	37.88
3019000	50	37.88
3020000	50	37.88
3021000	50	37.81
3022000	50	37.88
3023000	50	37.88
3024000	50	37.81
3025000	50	37.81
3026000	50	37.88
3027000	50	37.88
3028000	50	37.81
3029000	50	37.88
3030000	50	37.88
3031000	50	37.81
3032000	50	37.81
3033000	50	37.88
3034000	50	37.88
3035000	50	37.88
3036000	50	37.88
3037000	50	37.88
3038000	50	37.88
3039000	50	37.88
3040000	50	37.81
3041000	50	37.88
3042000	50	37.88
3043000	50	37.88
3044000	50	37.88
3045000	50	37.88
3046000	50	37.81
3047000	50	37.88
3048000	50	37.88
3049000	50	37.88
3050000	50	37.94
3051000	50	37.88
3052000	50	37.88
3053000	50	37.94
3054000	50	37.94
3055000	50	37.94
3056000	50	37.88
3057000	50	37.88
3058000	50	37.94
3059000	50	37.88
3060000	50	37.94
3061000	50	37.94
3062000	50	37.88
3063000	50	37.88
3064000	50	37.94
3065000	50	37.88
3066000	50	37.88
3067000	50	37.94
3068000	50	37.94
3069000	50	37.94
3070000	50	37.94
3071000	50	37.94
3072000	50	37.94
3073000	50	37.94
3074000	50	37.94
3075000	50	38.00
3076000	50	37.94
3077000	50	37.94
3078000	50	37.94
3079000	50	37.94
3080000	50	38.00
3081000	50	37.94
3082000	50	37.94
3083000	50	37.94
3084000	50	37.94
3085000	50	37.94
3086000	50	37.94
3087000	50	37.94
3088000	50	37.94
3089000	50	37.94
3090000	50	37.94
3091000	50	37.94
3092000	50	37.94
3093000	50	37.94
3094000	50	37.94
3095000	50	38.00
3096000	50	37.94
3097000	50	37.94
3098000	50	37.94
3099000	50	37.94
3100000	50	37.94
3101000	50	37.94
3102000	50	37.94
3103000	50	37.94
3104000	50	37.94
3105000	50	37.94
3106000	50	37.94
3107000	50	37.94
3108000	50	37.94
3109000	50	37.94
3110000	50	37.94
3111000	50	37.88
3112000	50	37.94
3113000	50	37.94
3114000	50	37.94
3115000	50	37.94
3116000	50	37.94
3117000	50	37.88
3118000	50	37.94
3119000	50	37.94
3120000	50	37.94
3121000	50	37.88
3122000	50	37.94
3123000	50	37.94
3124000	50	37.94
3125000	50	37.94
3126000	50	37.94
3127000	50	37.94
3128000	50	37.94
3129000	50	37.94
3130000	50	37.94
3131000	50	37.94
3132000	50	37.94
3133000	50	37.94
3134000	50	37.94
3135000	50	37.94
3136000	50	37.94
3137000	50	37.94
3138000	50	37.94
3139000	50	37.94
3140000	50	37.94
3141000	50	37.94
3142000	50	37.94
3143000	50	38.00
3144000	50	38.00
3145000	50	38.00
3146000	50	37.94
3147000	50	38.00
3148000	50	38.00
3149000	50	38.00
3150000	50	38.00
3151000	50	38.00
3152000	50	38.00
3153000	50	38.00
3154000	50	37.94
3155000	50	38.00
3156000	50	38.00
3157000	50	38.00
3158000	50	38.00
3159000	50	37.94
3160000	50	38.00
3161000	50	38.00
3162000	50	38.00
3163000	50	37.94
3164000	50	38.00
3165000	50	38.00
3166000	50	37.94
3167000	50	38.00
3168000	50	37.94
3169000	50	38.00
3170000	50	37.94
3171000	50	37.94
3172000	50	37.94
3173000	50	37.94
3174000	50	38.00
3175000	50	38.00
3176000	50	38.00
3177000	50	38.00
3178000	50	37.94
3179000	50	37.94
3180000	50	38.00
3181000	50	37.94
3182000	50	37.94
3183000	50	37.94
3184000	50	38.00
3185000	50	38.00
3186000	50	37.94
3187000	50	37.94
3188000	50	37.94
3189000	50	37.94
3190000	50	37.94
3191000	50	37.94
3192000	50	38.00
3193000	50	37.94
3194000	50	37.94
3195000	50	37.94
3196000	50	37.94
3197000	50	37.94
3198000	50	37.94
3199000	50	38.00
3200000	50	37.94
3201000	50	38.00
3202000	50	38.00
3203000	50	38.00
3204000	50	38.00
3205000	50	37.94
3206000	50	38.00
3207000	50	38.00
3208000	50	37.94
3209000	50	37.94
3210000	50	38.00
3211000	50	37.94
3212000	50	37.94
3213000	50	37.94
3214000	50	37.94
3215000	50	37.94
3216000	50	37.94
3217000	50	37.94
3218000	50	37.88
3219000	50	37.94
3220000	50	37.94
3221000	50	37.88
3222000	50	37.94
3223000	50	37.88
3224000	50	37.88
3225000	50	37.88
3226000	50	37.94
3227000	50	37.88
3228000	50	37.88
3229000	50	37.88
3230000	50	37.88
3231000	50	37.88
3232000	50	37.88
3233000	50	37.88
3234000	50	37.88
3235000	50	37.88
3236000	50	37.88
3237000	50	37.88
3238000	50	37.81
3239000	50	37.81
3240000	50	37.81
3241000	50	37.81
3242000	50	37.81
3243000	50	37.81
3244000	50	37.81
3245000	50	37.81
3246000	50	37.81
3247000	50	37.81
3248000	50	37.81
3249000	50	37.81
3250000	50	37.81
3251000	50	37.81
3252000	50	37.81
3253000	50	37.81
3254000	50	37.75
3255000	50	37.75
3256000	50	37.75
3257000	50	37.75
3258000	50	37.75
3259000	50	37.75
3260000	50	37.81
3261000	50	37.75
3262000	50	37.75
3263000	50	37.75
3264000	50	37.75
3265000	50	37.75
3266000	50	37.75
3267000	50	37.75
3268000	50	37.69
3269000	50	37.75
3270000	50	37.75
3271000	50	37.75
3272000	50	37.75
3273000	50	37.75
3274000	50	37.75
3275000	50	37.69
3276000	50	37.69
3277000	50	37.69
3278000	50	37.75
3279000	50	37.69
3280000	50	37.69
3281000	50	37.69
3282000	50	37.69
3283000	50	37.69
3284000	50	37.69
3285000	50	37.69
3286000	50	37.69
3287000	50	37.63
3288000	50	37.63
3289000	50	37.63
3290000	50	37.63
3291000	50	37.63
3292000	50	37.56
3293000	50	37.56
3294000	50	37.56
3295000	50	37.56
3296000	50	37.56
3297000	50	37.50
3298000	50	37.56
3299000	50	37.56
3300000	50	37.56
3301000	50	37.50
3302000	50	37.50
3303000	50	37.50
3304000	50	37.56
3305000	50	37.56
3306000	50	37.56
3307000	50	37.50
3308000	50	37.50
3309000	50	37.56
3310000	50	37.50
3311000	50	37.50
3312000	50	37.50
3313000	50	37.56
3314000	50	37.50
3315000	50	37.50
3316000	50	37.50
3317000	50	37.50
3318000	50	37.50
3319000	50	37.50
3320000	50	37.56
3321000	50	37.56
3322000	50	37.50
3323000	50	37.56
3324000	50	37.56
3325000	50	37.56
3326000	50	37.56
3327000	50	37.56
3328000	50	37.56
3329000	50	37.56
3330000	50	37.50
3331000	50	37.50
3332000	50	37.56
3333000	50	37.56
3334000	50	37.56
3335000	50	37.56
3336000	50	37.56
3337000	50	37.56
3338000	50	37.56
3339000	50	37.56
3340000	50	37.56
3341000	50	37.56
3342000	50	37.56
3343000	50	37.56
3344000	50	37.63
3345000	50	37.56
3346000	50	37.63
3347000	50	37.63
3348000	50	37.56
3349000	50	37.63
3350000	50	37.56
3351000	50	37.56
3352000	50	37.56
3353000	50	37.56
3354000	50	37.56
3355000	50	37.56
3356000	50	37.56
3357000	50	37.63
3358000	50	37.63
3359000	50	37.63
3360000	50	37.63
3361000	50	37.63
3362000	50	37.63
3363000	50	37.63
3364000	50	37.63
3365000	50	37.63
3366000	50	37.63
3367000	50	37.63
3368000	50	37.63
3369000	50	37.63
3370000	50	37.63
3371000	50	37.63
3372000	50	37.69
3373000	50	37.69
